<?xml version="1.0" encoding="UTF-8"?>
<!-- Generated by org.testng.reporters.JUnitReportReporter -->
<testsuite hostname="DESKTOP-KTNK891" failures="0" tests="1" name="right.side.Homepage" time="52.893" errors="0" timestamp="2022-01-27T22:42:03 IST" skipped="0">
  <testcase classname="right.side.Homepage" name="basepagenavigation" time="52.893"/>
  <system-out/>
</testsuite> <!-- right.side.Homepage -->
