<?xml version="1.0" encoding="UTF-8"?>
<!-- Generated by org.testng.reporters.JUnitReportReporter -->
<testsuite hostname="DESKTOP-KTNK891" failures="0" tests="1" name="First.a.homepage" time="34.836" errors="0" timestamp="2022-01-27T02:33:56 IST" skipped="0">
  <testcase classname="First.a.homepage" name="stay" time="34.836"/>
  <system-out/>
</testsuite> <!-- First.a.homepage -->
