<?xml version="1.0" encoding="UTF-8"?>
<!-- Generated by org.testng.reporters.JUnitReportReporter -->
<testsuite hostname="DESKTOP-KTNK891" failures="0" tests="1" name="First.a.newone" time="113.536" errors="0" timestamp="2022-01-27T03:26:56 IST" skipped="0">
  <testcase classname="First.a.newone" name="oncepractice" time="113.536"/>
  <system-out/>
</testsuite> <!-- First.a.newone -->
