<?xml version="1.0" encoding="UTF-8"?>
<!-- Generated by org.testng.reporters.JUnitReportReporter -->
<testsuite hostname="DESKTOP-KTNK891" failures="0" tests="1" name="right.side.Homepage" time="29.711" errors="0" timestamp="2022-01-28T00:32:47 IST" skipped="0">
  <testcase classname="right.side.Homepage" name="basepagenavigation" time="29.711"/>
  <system-out/>
</testsuite> <!-- right.side.Homepage -->
