<?xml version="1.0" encoding="UTF-8"?>
<!-- Generated by org.testng.reporters.JUnitReportReporter -->
<testsuite hostname="DESKTOP-KTNK891" failures="0" tests="1" name="First.a.homepage" time="106.135" errors="0" timestamp="2022-01-28T00:01:30 IST" skipped="0">
  <testcase classname="First.a.homepage" name="stay" time="106.135"/>
  <system-out/>
</testsuite> <!-- First.a.homepage -->
